2024-02-10 14:37:03,660 INFO o.a.j.u.JMeterUtils: Setting Locale to en_EN
2024-02-10 14:37:03,673 INFO o.a.j.JMeter: Loading user properties from: user.properties
2024-02-10 14:37:03,673 INFO o.a.j.JMeter: Loading system properties from: system.properties
2024-02-10 14:37:03,677 INFO o.a.j.JMeter: Copyright (c) 1998-2024 The Apache Software Foundation
2024-02-10 14:37:03,677 INFO o.a.j.JMeter: Version 5.6.3
2024-02-10 14:37:03,678 INFO o.a.j.JMeter: java.version=21.0.2
2024-02-10 14:37:03,678 INFO o.a.j.JMeter: java.vm.name=Java HotSpot(TM) 64-Bit Server VM
2024-02-10 14:37:03,678 INFO o.a.j.JMeter: os.name=Windows 10
2024-02-10 14:37:03,678 INFO o.a.j.JMeter: os.arch=amd64
2024-02-10 14:37:03,678 INFO o.a.j.JMeter: os.version=10.0
2024-02-10 14:37:03,678 INFO o.a.j.JMeter: file.encoding=UTF-8
2024-02-10 14:37:03,678 INFO o.a.j.JMeter: java.awt.headless=null
2024-02-10 14:37:03,678 INFO o.a.j.JMeter: Max memory     =1073741824
2024-02-10 14:37:03,678 INFO o.a.j.JMeter: Available Processors =12
2024-02-10 14:37:03,685 INFO o.a.j.JMeter: Default Locale=English (EN)
2024-02-10 14:37:03,686 INFO o.a.j.JMeter: JMeter  Locale=English (EN)
2024-02-10 14:37:03,686 INFO o.a.j.JMeter: JMeterHome=C:\Users\Administrator\Documents\Automation\jmeter\apache-jmeter-5.6.3
2024-02-10 14:37:03,686 INFO o.a.j.JMeter: user.dir  =C:\Users\Administrator\Documents\Automation\jmeter\apache-jmeter-5.6.3\bin
2024-02-10 14:37:03,686 INFO o.a.j.JMeter: PWD       =C:\Users\Administrator\Documents\Automation\jmeter\apache-jmeter-5.6.3\bin
2024-02-10 14:37:03,687 INFO o.a.j.JMeter: IP: 192.168.1.3 Name: WIN-EQB8Q43DP0K FullName: WIN-EQB8Q43DP0K
2024-02-10 14:37:03,697 INFO o.a.j.JMeter: Loaded icon properties from org/apache/jmeter/images/icon.properties
2024-02-10 14:37:03,829 INFO o.a.j.JMeterGuiLauncher: Setting LAF to: com.github.weisj.darklaf.DarkLaf:com.github.weisj.darklaf.theme.DarculaTheme
2024-02-10 14:37:11,757 INFO o.a.j.g.JMeterUIDefaults: Applying font scale factor: 1.1
2024-02-10 14:38:19,178 INFO o.a.j.p.h.s.HTTPSamplerBase: Parser for text/html is org.apache.jmeter.protocol.http.parser.LagartoBasedHtmlParser
2024-02-10 14:38:19,180 INFO o.a.j.p.h.s.HTTPSamplerBase: Parser for application/xhtml+xml is org.apache.jmeter.protocol.http.parser.LagartoBasedHtmlParser
2024-02-10 14:38:19,180 INFO o.a.j.p.h.s.HTTPSamplerBase: Parser for application/xml is org.apache.jmeter.protocol.http.parser.LagartoBasedHtmlParser
2024-02-10 14:38:19,180 INFO o.a.j.p.h.s.HTTPSamplerBase: Parser for text/xml is org.apache.jmeter.protocol.http.parser.LagartoBasedHtmlParser
2024-02-10 14:38:19,180 INFO o.a.j.p.h.s.HTTPSamplerBase: Parser for text/vnd.wap.wml is org.apache.jmeter.protocol.http.parser.RegexpHTMLParser
2024-02-10 14:38:19,180 INFO o.a.j.p.h.s.HTTPSamplerBase: Parser for text/css is org.apache.jmeter.protocol.http.parser.CssParser
2024-02-10 14:38:32,971 INFO o.a.j.p.h.c.CookieManager: Settings: Delete null: true Check: true Allow variable: true Save: false Prefix: COOKIE_
2024-02-10 14:38:41,221 INFO o.a.j.p.h.c.CacheManager: Will only cache the following methods: [GET]
2024-02-10 14:41:39,186 INFO o.a.j.s.FileServer: Default base='C:\Users\Administrator\Documents\Automation\jmeter\apache-jmeter-5.6.3\bin'
2024-02-10 14:41:39,187 INFO o.a.j.s.FileServer: Set new base='C:\Users\Administrator\Documents\Automation\jmeter\ade_jmeter'
2024-02-10 14:41:39,327 INFO o.a.j.s.SaveService: Testplan (JMX) version: 2.2. Testlog (JTL) version: 2.2
2024-02-10 14:41:39,354 INFO o.a.j.s.SaveService: Using SaveService properties version 5.0
2024-02-10 14:41:39,354 INFO o.a.j.s.SaveService: Using SaveService properties file encoding UTF-8
2024-02-10 14:41:51,151 INFO o.a.j.s.SampleResult: Note: Sample TimeStamps are START times
2024-02-10 14:41:51,151 INFO o.a.j.s.SampleResult: sampleresult.default.encoding is set to UTF-8
2024-02-10 14:41:51,151 INFO o.a.j.s.SampleResult: sampleresult.useNanoTime=true
2024-02-10 14:41:51,151 INFO o.a.j.s.SampleResult: sampleresult.nanoThreadSleep=5000
2024-02-10 14:41:53,286 INFO o.a.j.e.StandardJMeterEngine: Running the test!
2024-02-10 14:41:53,287 INFO o.a.j.s.SampleEvent: List of sample_variables: []
2024-02-10 14:41:53,287 INFO o.a.j.s.SampleEvent: List of sample_variables: []
2024-02-10 14:41:53,287 INFO o.a.j.e.u.CompoundVariable: Note: Function class names must contain the string: '.functions.'
2024-02-10 14:41:53,288 INFO o.a.j.e.u.CompoundVariable: Note: Function class names must not contain the string: '.gui.'
2024-02-10 14:41:53,341 INFO o.a.j.g.u.JMeterMenuBar: setRunning(true, *local*)
2024-02-10 14:41:53,380 INFO o.a.j.e.StandardJMeterEngine: Starting ThreadGroup: 1 : Thread Group 01
2024-02-10 14:41:53,380 INFO o.a.j.e.StandardJMeterEngine: Starting 1 threads for group Thread Group 01.
2024-02-10 14:41:53,380 INFO o.a.j.e.StandardJMeterEngine: Thread will continue on error
2024-02-10 14:41:53,381 INFO o.a.j.t.ThreadGroup: Starting thread group... number=1 threads=1 ramp-up=1 delayedStart=false
2024-02-10 14:41:53,383 INFO o.a.j.t.ThreadGroup: Started thread group number 1
2024-02-10 14:41:53,383 INFO o.a.j.e.StandardJMeterEngine: All thread groups have been started
2024-02-10 14:41:53,383 INFO o.a.j.t.JMeterThread: Thread started: Thread Group 01 1-1
2024-02-10 14:41:53,395 INFO o.a.j.p.h.s.HTTPHCAbstractImpl: Local host = WIN-EQB8Q43DP0K
2024-02-10 14:41:53,400 INFO o.a.j.p.h.s.HTTPHC4Impl: HTTP request retry count = 0
2024-02-10 14:41:53,470 INFO o.a.j.p.h.s.h.LazyLayeredConnectionSocketFactory: Setting up HTTPS TrustAll Socket Factory
2024-02-10 14:41:53,472 INFO o.a.j.u.JsseSSLManager: Using default SSL protocol: TLS
2024-02-10 14:41:53,473 INFO o.a.j.u.JsseSSLManager: SSL session context: per-thread
2024-02-10 14:41:53,580 INFO o.a.j.u.SSLManager: JmeterKeyStore Location:  type JKS
2024-02-10 14:41:53,583 INFO o.a.j.u.SSLManager: KeyStore created OK
2024-02-10 14:41:53,583 WARN o.a.j.u.SSLManager: Keystore file not found, loading empty keystore
2024-02-10 14:41:54,195 INFO o.a.j.t.JMeterThread: Thread is done: Thread Group 01 1-1
2024-02-10 14:41:54,195 INFO o.a.j.t.JMeterThread: Thread finished: Thread Group 01 1-1
2024-02-10 14:41:54,197 INFO o.a.j.e.StandardJMeterEngine: Notifying test listeners of end of test
2024-02-10 14:41:54,197 INFO o.a.j.g.u.JMeterMenuBar: setRunning(false, *local*)
2024-02-10 14:42:57,130 INFO o.a.j.e.StandardJMeterEngine: Running the test!
2024-02-10 14:42:57,131 INFO o.a.j.s.SampleEvent: List of sample_variables: []
2024-02-10 14:42:57,131 INFO o.a.j.g.u.JMeterMenuBar: setRunning(true, *local*)
2024-02-10 14:42:57,163 INFO o.a.j.e.StandardJMeterEngine: Starting ThreadGroup: 1 : Thread Group 01
2024-02-10 14:42:57,163 INFO o.a.j.e.StandardJMeterEngine: Starting 1 threads for group Thread Group 01.
2024-02-10 14:42:57,163 INFO o.a.j.e.StandardJMeterEngine: Thread will continue on error
2024-02-10 14:42:57,163 INFO o.a.j.t.ThreadGroup: Starting thread group... number=1 threads=1 ramp-up=1 delayedStart=false
2024-02-10 14:42:57,164 INFO o.a.j.t.ThreadGroup: Started thread group number 1
2024-02-10 14:42:57,164 INFO o.a.j.e.StandardJMeterEngine: All thread groups have been started
2024-02-10 14:42:57,164 INFO o.a.j.t.JMeterThread: Thread started: Thread Group 01 1-1
2024-02-10 14:42:57,613 INFO o.a.j.t.JMeterThread: Thread is done: Thread Group 01 1-1
2024-02-10 14:42:57,613 INFO o.a.j.t.JMeterThread: Thread finished: Thread Group 01 1-1
2024-02-10 14:42:57,613 INFO o.a.j.e.StandardJMeterEngine: Notifying test listeners of end of test
2024-02-10 14:42:57,614 INFO o.a.j.g.u.JMeterMenuBar: setRunning(false, *local*)
2024-02-10 14:43:18,665 INFO o.a.j.e.StandardJMeterEngine: Running the test!
2024-02-10 14:43:18,665 INFO o.a.j.s.SampleEvent: List of sample_variables: []
2024-02-10 14:43:18,665 INFO o.a.j.g.u.JMeterMenuBar: setRunning(true, *local*)
2024-02-10 14:43:18,694 INFO o.a.j.e.StandardJMeterEngine: Starting ThreadGroup: 1 : Thread Group 01
2024-02-10 14:43:18,694 INFO o.a.j.e.StandardJMeterEngine: Starting 1 threads for group Thread Group 01.
2024-02-10 14:43:18,695 INFO o.a.j.e.StandardJMeterEngine: Thread will continue on error
2024-02-10 14:43:18,695 INFO o.a.j.t.ThreadGroup: Starting thread group... number=1 threads=1 ramp-up=1 delayedStart=false
2024-02-10 14:43:18,695 INFO o.a.j.t.ThreadGroup: Started thread group number 1
2024-02-10 14:43:18,696 INFO o.a.j.e.StandardJMeterEngine: All thread groups have been started
2024-02-10 14:43:18,696 INFO o.a.j.t.JMeterThread: Thread started: Thread Group 01 1-1
2024-02-10 14:43:19,182 INFO o.a.j.t.JMeterThread: Thread is done: Thread Group 01 1-1
2024-02-10 14:43:19,182 INFO o.a.j.t.JMeterThread: Thread finished: Thread Group 01 1-1
2024-02-10 14:43:19,182 INFO o.a.j.e.StandardJMeterEngine: Notifying test listeners of end of test
2024-02-10 14:43:19,183 INFO o.a.j.g.u.JMeterMenuBar: setRunning(false, *local*)
2024-02-10 14:44:03,350 INFO o.a.j.e.StandardJMeterEngine: Running the test!
2024-02-10 14:44:03,350 INFO o.a.j.s.SampleEvent: List of sample_variables: []
2024-02-10 14:44:03,351 INFO o.a.j.g.u.JMeterMenuBar: setRunning(true, *local*)
2024-02-10 14:44:03,379 INFO o.a.j.e.StandardJMeterEngine: Starting ThreadGroup: 1 : Thread Group 01
2024-02-10 14:44:03,379 INFO o.a.j.e.StandardJMeterEngine: Starting 1 threads for group Thread Group 01.
2024-02-10 14:44:03,379 INFO o.a.j.e.StandardJMeterEngine: Thread will continue on error
2024-02-10 14:44:03,379 INFO o.a.j.t.ThreadGroup: Starting thread group... number=1 threads=1 ramp-up=1 delayedStart=false
2024-02-10 14:44:03,379 INFO o.a.j.t.ThreadGroup: Started thread group number 1
2024-02-10 14:44:03,380 INFO o.a.j.e.StandardJMeterEngine: All thread groups have been started
2024-02-10 14:44:03,380 INFO o.a.j.t.JMeterThread: Thread started: Thread Group 01 1-1
2024-02-10 14:44:03,839 INFO o.a.j.t.JMeterThread: Thread is done: Thread Group 01 1-1
2024-02-10 14:44:03,839 INFO o.a.j.t.JMeterThread: Thread finished: Thread Group 01 1-1
2024-02-10 14:44:03,841 INFO o.a.j.e.StandardJMeterEngine: Notifying test listeners of end of test
2024-02-10 14:44:03,841 INFO o.a.j.g.u.JMeterMenuBar: setRunning(false, *local*)
